<?xml version="1.0" encoding="UTF-8"?>
<!-- Generated by org.testng.reporters.JUnitReportReporter -->
<testsuite hostname="Nithesh-Gowda" name="browserStack.SampleTest" tests="3" failures="0" timestamp="4 Sep 2020 03:30:51 GMT" time="0.053" errors="0">
  <testcase name="getData" time="0.032" classname="browserStack.SampleTest"/>
  <testcase name="getData" time="0.011" classname="browserStack.SampleTest"/>
  <testcase name="getData" time="0.010" classname="browserStack.SampleTest"/>
</testsuite> <!-- browserStack.SampleTest -->
