<?xml version="1.0" encoding="UTF-8"?>
<!-- Generated by org.testng.reporters.JUnitReportReporter -->
<testsuite hostname="Nithesh-Gowda" name="sausceLabs.NormalExecution" tests="1" failures="0" timestamp="4 Sep 2020 04:03:55 GMT" time="17.245" errors="0">
  <testcase name="exceuteTest" time="17.245" classname="sausceLabs.NormalExecution"/>
</testsuite> <!-- sausceLabs.NormalExecution -->
