<?xml version="1.0" encoding="UTF-8"?>
<!-- Generated by org.testng.reporters.JUnitReportReporter -->
<testsuite hostname="Nithesh-Gowda" name="browserStack.NormalExecution" tests="1" failures="0" timestamp="4 Sep 2020 03:41:15 GMT" time="12.782" errors="0">
  <testcase name="parallelTest" time="12.782" classname="browserStack.NormalExecution"/>
</testsuite> <!-- browserStack.NormalExecution -->
