<?xml version="1.0" encoding="UTF-8"?>
<!-- Generated by org.testng.reporters.JUnitReportReporter -->
<testsuite hostname="Nithesh-Gowda" name="browserStack.ParallelExecution" tests="4" failures="0" timestamp="4 Sep 2020 03:24:33 GMT" time="66.005" errors="0">
  <testcase name="parallelTest" time="12.650" classname="browserStack.ParallelExecution"/>
  <testcase name="parallelTest" time="17.299" classname="browserStack.ParallelExecution"/>
  <testcase name="parallelTest" time="15.183" classname="browserStack.ParallelExecution"/>
  <testcase name="parallelTest" time="20.873" classname="browserStack.ParallelExecution"/>
</testsuite> <!-- browserStack.ParallelExecution -->
